{
  "RSpec": {
    "coverage": {
      "/Users/jakesikora/Desktop/hearthstone_scores/app/helpers/application_helper.rb": [
        1,
        null
      ],
      "/Users/jakesikora/Desktop/hearthstone_scores/app/models/deck.rb": [
        1,
        1,
        null
      ],
      "/Users/jakesikora/Desktop/hearthstone_scores/app/models/user.rb": [
        1,
        1,
        null,
        1,
        null,
        1,
        null,
        null,
        1,
        null,
        null,
        null,
        1,
        null,
        null
      ]
    },
    "timestamp": 1385269584
  }
}
